1620672581195:sign in privilged admin admin
1620672602288:sign in priviliged admin admin
1620672630210:sign in privileged admin admin
1620672639445:describe account
1620672715617:create movie Deadpool action 2016
1620672770685:sign in privileged admin admin
1620672827482:exit
1620672851185:sign in privileged admin admin
1620672879372:create room Vangelis 20 20
1620672944707:sign in privileged admin admin
1620672951801:delete movie Deadpool
1620673021098:sign in privileged admin admin
1620673034582:crate movie Deadpool action 2016
1620673052051:create movie Deadpool action 2016
1620673066614:ist movies
1620673072332:list movies
1620673076910:exit
1620674560353:sign in privileged admin admin
1620674574525:create movie Deadpool action 2016
1620674807038:sign in privileged admin admin
1620674819867:delete movie Deadpool
1620674832398:create movie Deadpool action 2016
1620674851788:update movie Deadpool comedy 2016
1620674860179:delete movie Deadpool
1620674870117:create room Vangelis 20 20
1620674905726:update room Vangelis 25 25
1620674915460:delete room Vangelis
1620674922226:describe account
1620674928976:sign out
1620674936413:describe acount
1620674948742:descibe account
1620674974322:describe account
1620675007291:exit
1620675179989:sign in privileged admin admin
1620675185958:describe account
1620675189754:sign out
1620675196333:describe account
1620675215911:sign in privileged admin ddd
1620675221114:sign in privileged sad ad
1620675248551:create movie Deadpool action 2016
